<?xml version="1.0" encoding="UTF-8"?>
<testng-results skipped="0" failed="0" ignored="0" total="1" passed="1">
  <reporter-output>
  </reporter-output>
  <suite name="Default suite" duration-ms="38739" started-at="2017-11-02T03:09:17Z" finished-at="2017-11-02T03:09:55Z">
    <groups>
    </groups>
    <test name="Default test" duration-ms="38739" started-at="2017-11-02T03:09:17Z" finished-at="2017-11-02T03:09:55Z">
      <class name="NEC_Automation.Ebay_Test">
        <test-method status="PASS" signature="ebay_Initialization()[pri:0, instance:NEC_Automation.Ebay_Test@5c3bd550]" name="ebay_Initialization" is-config="true" duration-ms="2172" started-at="2017-11-02T14:09:14Z" finished-at="2017-11-02T14:09:17Z">
          <reporter-output>
          </reporter-output>
        </test-method> <!-- ebay_Initialization -->
        <test-method status="PASS" signature="Scenario3()[pri:0, instance:NEC_Automation.Ebay_Test@5c3bd550]" name="Scenario3" duration-ms="38645" started-at="2017-11-02T14:09:17Z" finished-at="2017-11-02T14:09:55Z">
          <reporter-output>
          </reporter-output>
        </test-method> <!-- Scenario3 -->
      </class> <!-- NEC_Automation.Ebay_Test -->
    </test> <!-- Default test -->
  </suite> <!-- Default suite -->
</testng-results>
